{
  "stats": {
    "suites": 0,
    "tests": 13,
    "passes": 11,
    "pending": 0,
    "failures": 2,
    "start": "2023-10-10T20:08:33.016Z",
    "end": "2023-10-10T20:08:33.325Z",
    "duration": 309,
    "testsRegistered": 13,
    "passPercent": 84.61538461538461,
    "pendingPercent": 0,
    "other": 0,
    "hasOther": false,
    "skipped": 0,
    "hasSkipped": false
  },
  "results": [
    {
      "uuid": "94fe23fe-648c-4182-8690-37a1cf81fb81",
      "title": "",
      "fullFile": "",
      "file": "C:\\Users\\Cleartech\\OneDrive - Clearsale S.A\\Área de Trabalho\\ClearTech\\Repositório\\T4-ElvesMoura\\Sprint 15\\API Rique - Pactum JS\\test\\category.post.spec.js",
      "beforeHooks": [],
      "afterHooks": [],
      "tests": [
        {
          "title": "Teste 1 - POST (Login)",
          "fullTitle": "Teste 1 - POST (Login)",
          "timedOut": false,
          "duration": 147,
          "state": "passed",
          "speed": "slow",
          "pass": true,
          "fail": false,
          "pending": false,
          "context": null,
          "code": "let { responseTime, statusCode } = await spec()\n  .post('https://localhost:7221/Login')\n  .withBody({\n    \"Email\": \"admin@admin.com\",\n    \"Senha\": \"Admin.123!\"\n  })\n  .expectResponseTime(1000)\n  .expectStatus(200);\nconsole.log('Tempo de requisição:', responseTime, '|', 'Status Code:', statusCode);",
          "err": {},
          "uuid": "c1d71017-66b0-422d-9f3d-4d77170e181f",
          "parentUUID": "94fe23fe-648c-4182-8690-37a1cf81fb81",
          "isHook": false,
          "skipped": false
        },
        {
          "title": "Teste 2 - POST (Nome de categoria correta com autenticação)",
          "fullTitle": "Teste 2 - POST (Nome de categoria correta com autenticação)",
          "timedOut": false,
          "duration": 21,
          "state": "failed",
          "speed": null,
          "pass": false,
          "fail": true,
          "pending": false,
          "context": null,
          "code": "let { responseTime, statusCode } = await spec()\n  .post('https://localhost:7296/Categoria')\n  .withHeaders({\n    'Authorization':'Bearer eyJhbGciOiJIUzI1NiIsInR5cCI6IkpXVCJ9.eyJ1c2VybmFtZSI6ImFkbWluIiwiaWQiOiJkYjgyZGM5NS1iYjc1LTQ3YmEtODRhNi04NTQ3ZGRiN2M5NDgiLCJodHRwOi8vc2NoZW1hcy5taWNyb3NvZnQuY29tL3dzLzIwMDgvMDYvaWRlbnRpdHkvY2xhaW1zL3JvbGUiOiJhZG1pbiIsImV4cCI6MTY5NzA1MjMzMH0.n4Vfqgi82fZIKD_wKzCjnulNUHp_64K67NeSVzxBN2M'\n  })\n  .withBody({\n    \"nome\": \"Testeeeee\"\n  })\n  .expectResponseTime(1000)\n  .expectStatus(201)\n  .expectBodyContains(\"Testeeeee\");\nconsole.log('Tempo de requisição:', responseTime, '|', 'Status Code:', statusCode)",
          "err": {
            "message": "AssertionError: HTTP status 400 !== 201",
            "estack": "AssertionError [ERR_ASSERTION]: HTTP status 400 !== 201\n    at Expect._validateStatus (node_modules\\pactum\\src\\models\\expect.js:105:14)\n    at Expect.validate (node_modules\\pactum\\src\\models\\expect.js:47:10)\n    at Tosser.validateResponse (node_modules\\pactum\\src\\models\\Tosser.js:240:23)\n    at Tosser.validate (node_modules\\pactum\\src\\models\\Tosser.js:207:18)\n    at Tosser.toss (node_modules\\pactum\\src\\models\\Tosser.js:44:18)\n    at process.processTicksAndRejections (node:internal/process/task_queues:95:5)",
            "diff": "- 400\n+ 201\n"
          },
          "uuid": "f56533b1-e744-4d4b-b4c4-fd3850aa56ad",
          "parentUUID": "94fe23fe-648c-4182-8690-37a1cf81fb81",
          "isHook": false,
          "skipped": false
        },
        {
          "title": "Teste 3 - POST (Categoria já cadastrada)",
          "fullTitle": "Teste 3 - POST (Categoria já cadastrada)",
          "timedOut": false,
          "duration": 13,
          "state": "passed",
          "speed": "fast",
          "pass": true,
          "fail": false,
          "pending": false,
          "context": null,
          "code": "let {responseTime, statusCode } = await spec()\n  .post('https://localhost:7296/Categoria')\n  .withHeaders({\n    'Authorization': 'Bearer eyJhbGciOiJIUzI1NiIsInR5cCI6IkpXVCJ9.eyJ1c2VybmFtZSI6ImFkbWluIiwiaWQiOiJkYjgyZGM5NS1iYjc1LTQ3YmEtODRhNi04NTQ3ZGRiN2M5NDgiLCJodHRwOi8vc2NoZW1hcy5taWNyb3NvZnQuY29tL3dzLzIwMDgvMDYvaWRlbnRpdHkvY2xhaW1zL3JvbGUiOiJhZG1pbiIsImV4cCI6MTY5NzA1MjMzMH0.n4Vfqgi82fZIKD_wKzCjnulNUHp_64K67NeSVzxBN2M'\n  })\n  .withBody({\n    \"nome\": \"Teste\"\n  })\n  .expectResponseTime(1000)\n  .expectStatus(400)\n  .expectBodyContains(\"O nome 'Teste' já existe.\");\nconsole.log('Tempo de requisição:', responseTime, '|', 'Status Code:', statusCode)",
          "err": {},
          "uuid": "348d8fbc-16ba-49c4-bf54-e10c9c1bad29",
          "parentUUID": "94fe23fe-648c-4182-8690-37a1cf81fb81",
          "isHook": false,
          "skipped": false
        },
        {
          "title": "Teste 4 - POST (Mais de 128 caracteres)",
          "fullTitle": "Teste 4 - POST (Mais de 128 caracteres)",
          "timedOut": false,
          "duration": 9,
          "state": "passed",
          "speed": "fast",
          "pass": true,
          "fail": false,
          "pending": false,
          "context": null,
          "code": "let { responseTime, statusCode } = await spec()\n  .post('https://localhost:7296/Categoria')\n  .withHeaders({\n    'Authorization': 'Bearer eyJhbGciOiJIUzI1NiIsInR5cCI6IkpXVCJ9.eyJ1c2VybmFtZSI6ImFkbWluIiwiaWQiOiJkYjgyZGM5NS1iYjc1LTQ3YmEtODRhNi04NTQ3ZGRiN2M5NDgiLCJodHRwOi8vc2NoZW1hcy5taWNyb3NvZnQuY29tL3dzLzIwMDgvMDYvaWRlbnRpdHkvY2xhaW1zL3JvbGUiOiJhZG1pbiIsImV4cCI6MTY5NzA1MjMzMH0.n4Vfqgi82fZIKD_wKzCjnulNUHp_64K67NeSVzxBN2M'\n  })\n  .withBody({\n    \"nome\": \"aaaaaaaaaaaaaaaaaaaaaaaaaaaaaaaaaaaaaaaaaaaaaaaaaaaaaaaaaaaaaaaaaaaaaaaaaaaaaaaaaaaaaaaaaaaaaaaaaaaaaaaaaaaaaaaaaaaaaaaaaaaaaaaaa\"\n  })\n  .expectResponseTime(1000)\n  .expectStatus(400)\n  .expectBodyContains(\"O nome não pode conter mais de 128 caracteres.\");\nconsole.log('Tempo de requisição:', responseTime, '|', 'Status Code:', statusCode)",
          "err": {},
          "uuid": "b0561f62-2e56-4e90-8b6c-d551e81d36d8",
          "parentUUID": "94fe23fe-648c-4182-8690-37a1cf81fb81",
          "isHook": false,
          "skipped": false
        },
        {
          "title": "Teste 5 - POST (Caracteres especiais)",
          "fullTitle": "Teste 5 - POST (Caracteres especiais)",
          "timedOut": false,
          "duration": 8,
          "state": "passed",
          "speed": "fast",
          "pass": true,
          "fail": false,
          "pending": false,
          "context": null,
          "code": "let { responseTime, statusCode } = await spec()\n  .post('https://localhost:7296/Categoria')\n  .withHeaders({\n    'Authorization': 'Bearer eyJhbGciOiJIUzI1NiIsInR5cCI6IkpXVCJ9.eyJ1c2VybmFtZSI6ImFkbWluIiwiaWQiOiJkYjgyZGM5NS1iYjc1LTQ3YmEtODRhNi04NTQ3ZGRiN2M5NDgiLCJodHRwOi8vc2NoZW1hcy5taWNyb3NvZnQuY29tL3dzLzIwMDgvMDYvaWRlbnRpdHkvY2xhaW1zL3JvbGUiOiJhZG1pbiIsImV4cCI6MTY5NzA1MjMzMH0.n4Vfqgi82fZIKD_wKzCjnulNUHp_64K67NeSVzxBN2M'\n  })\n  .withBody({\n    \"nome\": \"L3ite\"\n  })\n  .expectResponseTime(1000)\n  .expectStatus(400)\n  .expectBodyContains(\"O nome não aceita caracteres especiais.\");\nconsole.log('Tempo de requisição:', responseTime, '|', 'Status Code:', statusCode)",
          "err": {},
          "uuid": "83d84808-bc99-40e7-b7d7-5ea02c935c1a",
          "parentUUID": "94fe23fe-648c-4182-8690-37a1cf81fb81",
          "isHook": false,
          "skipped": false
        },
        {
          "title": "Teste 5 - POST (Cadastro da categoria com palavras usando acentos ou “ç”.)",
          "fullTitle": "Teste 5 - POST (Cadastro da categoria com palavras usando acentos ou “ç”.)",
          "timedOut": false,
          "duration": 15,
          "state": "failed",
          "speed": null,
          "pass": false,
          "fail": true,
          "pending": false,
          "context": null,
          "code": "let { responseTime, statusCode } = await spec()\n  .post('https://localhost:7296/Categoria')\n  .withHeaders({\n    'Authorization': 'Bearer eyJhbGciOiJIUzI1NiIsInR5cCI6IkpXVCJ9.eyJ1c2VybmFtZSI6ImFkbWluIiwiaWQiOiJkYjgyZGM5NS1iYjc1LTQ3YmEtODRhNi04NTQ3ZGRiN2M5NDgiLCJodHRwOi8vc2NoZW1hcy5taWNyb3NvZnQuY29tL3dzLzIwMDgvMDYvaWRlbnRpdHkvY2xhaW1zL3JvbGUiOiJhZG1pbiIsImV4cCI6MTY5NzA1MjMzMH0.n4Vfqgi82fZIKD_wKzCjnulNUHp_64K67NeSVzxBN2M'\n  })\n  .withBody({\n    \"nome\": \"Açúcar\"\n  })\n  .expectResponseTime(1000)\n  .expectStatus(201)\n  .expectBodyContains(\"Açúcar\");\nconsole.log('Tempo de requisição:', responseTime, '|', 'Status Code:', statusCode)",
          "err": {
            "message": "AssertionError: HTTP status 400 !== 201",
            "estack": "AssertionError [ERR_ASSERTION]: HTTP status 400 !== 201\n    at Expect._validateStatus (node_modules\\pactum\\src\\models\\expect.js:105:14)\n    at Expect.validate (node_modules\\pactum\\src\\models\\expect.js:47:10)\n    at Tosser.validateResponse (node_modules\\pactum\\src\\models\\Tosser.js:240:23)\n    at Tosser.validate (node_modules\\pactum\\src\\models\\Tosser.js:207:18)\n    at Tosser.toss (node_modules\\pactum\\src\\models\\Tosser.js:44:18)\n    at process.processTicksAndRejections (node:internal/process/task_queues:95:5)",
            "diff": "- 400\n+ 201\n"
          },
          "uuid": "147e8941-ce0d-4d8f-85e2-f7631f436cd9",
          "parentUUID": "94fe23fe-648c-4182-8690-37a1cf81fb81",
          "isHook": false,
          "skipped": false
        },
        {
          "title": "Teste 6 - POST (Cadastro em branco)",
          "fullTitle": "Teste 6 - POST (Cadastro em branco)",
          "timedOut": false,
          "duration": 8,
          "state": "passed",
          "speed": "fast",
          "pass": true,
          "fail": false,
          "pending": false,
          "context": null,
          "code": "let { responseTime, statusCode } = await spec()\n  .post('https://localhost:7296/Categoria')\n  .withHeaders({\n    'Authorization': 'Bearer eyJhbGciOiJIUzI1NiIsInR5cCI6IkpXVCJ9.eyJ1c2VybmFtZSI6ImFkbWluIiwiaWQiOiJkYjgyZGM5NS1iYjc1LTQ3YmEtODRhNi04NTQ3ZGRiN2M5NDgiLCJodHRwOi8vc2NoZW1hcy5taWNyb3NvZnQuY29tL3dzLzIwMDgvMDYvaWRlbnRpdHkvY2xhaW1zL3JvbGUiOiJhZG1pbiIsImV4cCI6MTY5NzA1MjMzMH0.n4Vfqgi82fZIKD_wKzCjnulNUHp_64K67NeSVzxBN2M'\n  })\n  .withBody({\n    \"nome\": \" \"\n  })\n  .expectResponseTime(1000)\n  .expectStatus(400)\n  .expectBodyContains(\"O campo Nome é obrigatório.\");\nconsole.log('Tempo de requisição:', responseTime, '|', 'Status Code:', statusCode)",
          "err": {},
          "uuid": "842a0e76-681a-424d-a786-15de55353ae5",
          "parentUUID": "94fe23fe-648c-4182-8690-37a1cf81fb81",
          "isHook": false,
          "skipped": false
        },
        {
          "title": "Teste 1 - POST (Nome de subcategoria correta com autenticação)",
          "fullTitle": "Teste 1 - POST (Nome de subcategoria correta com autenticação)",
          "timedOut": false,
          "duration": 15,
          "state": "passed",
          "speed": "fast",
          "pass": true,
          "fail": false,
          "pending": false,
          "context": null,
          "code": "let { responseTime, statusCode } = await spec()\n  .post('https://localhost:7296/Subcategoria')\n  .withHeaders({\n    'Authorization':'Bearer eyJhbGciOiJIUzI1NiIsInR5cCI6IkpXVCJ9.eyJ1c2VybmFtZSI6ImFkbWluIiwiaWQiOiJkYjgyZGM5NS1iYjc1LTQ3YmEtODRhNi04NTQ3ZGRiN2M5NDgiLCJodHRwOi8vc2NoZW1hcy5taWNyb3NvZnQuY29tL3dzLzIwMDgvMDYvaWRlbnRpdHkvY2xhaW1zL3JvbGUiOiJhZG1pbiIsImV4cCI6MTY5NzA1MjMzMH0.n4Vfqgi82fZIKD_wKzCjnulNUHp_64K67NeSVzxBN2M'\n  })\n  .withBody({\n      \"nome\": \"Teeeeeeeeeee\",\n      \"status\": true,\n      \"categoriaId\": \"1015de8d-155b-484e-befd-7d12b6116ad3\"\n  })\n  .expectResponseTime(1000)\n  .expectStatus(201)\n  .expectBodyContains(\"Teeeeeeeeeee\");\nconsole.log('Tempo de requisição:', responseTime, '|', 'Status Code:', statusCode)",
          "err": {},
          "uuid": "dfc3978f-a553-4768-a039-41c69d8df7e2",
          "parentUUID": "94fe23fe-648c-4182-8690-37a1cf81fb81",
          "isHook": false,
          "skipped": false
        },
        {
          "title": "Teste 2 - POST (Subcategoria já cadastrada)",
          "fullTitle": "Teste 2 - POST (Subcategoria já cadastrada)",
          "timedOut": false,
          "duration": 16,
          "state": "passed",
          "speed": "fast",
          "pass": true,
          "fail": false,
          "pending": false,
          "context": null,
          "code": "let {responseTime, statusCode } = await spec()\n  .post('https://localhost:7296/Subcategoria')\n  .withHeaders({\n    'Authorization': 'Bearer eyJhbGciOiJIUzI1NiIsInR5cCI6IkpXVCJ9.eyJ1c2VybmFtZSI6ImFkbWluIiwiaWQiOiJkYjgyZGM5NS1iYjc1LTQ3YmEtODRhNi04NTQ3ZGRiN2M5NDgiLCJodHRwOi8vc2NoZW1hcy5taWNyb3NvZnQuY29tL3dzLzIwMDgvMDYvaWRlbnRpdHkvY2xhaW1zL3JvbGUiOiJhZG1pbiIsImV4cCI6MTY5NzA1MjMzMH0.n4Vfqgi82fZIKD_wKzCjnulNUHp_64K67NeSVzxBN2M'\n  })\n  .withBody({\n    \"nome\": \"Teeeeeeeeeee\",\n    \"status\": true,\n    \"categoriaId\": \"1015de8d-155b-484e-befd-7d12b6116ad3\"\n  })\n  .expectResponseTime(1000)\n  .expectStatus(400)\n  .expectBodyContains(\"O nome 'Teeeeeeeeeee' já existe.\");\nconsole.log('Tempo de requisição:', responseTime, '|', 'Status Code:', statusCode)",
          "err": {},
          "uuid": "52b44740-a38f-4b68-a30d-a6d9d02c21bf",
          "parentUUID": "94fe23fe-648c-4182-8690-37a1cf81fb81",
          "isHook": false,
          "skipped": false
        },
        {
          "title": "Teste 3 - POST (Mais de 128 caracteres)",
          "fullTitle": "Teste 3 - POST (Mais de 128 caracteres)",
          "timedOut": false,
          "duration": 8,
          "state": "passed",
          "speed": "fast",
          "pass": true,
          "fail": false,
          "pending": false,
          "context": null,
          "code": "let { responseTime, statusCode } = await spec()\n  .post('https://localhost:7296/Subcategoria')\n  .withHeaders({\n    'Authorization': 'Bearer eyJhbGciOiJIUzI1NiIsInR5cCI6IkpXVCJ9.eyJ1c2VybmFtZSI6ImFkbWluIiwiaWQiOiJkYjgyZGM5NS1iYjc1LTQ3YmEtODRhNi04NTQ3ZGRiN2M5NDgiLCJodHRwOi8vc2NoZW1hcy5taWNyb3NvZnQuY29tL3dzLzIwMDgvMDYvaWRlbnRpdHkvY2xhaW1zL3JvbGUiOiJhZG1pbiIsImV4cCI6MTY5NzA1MjMzMH0.n4Vfqgi82fZIKD_wKzCjnulNUHp_64K67NeSVzxBN2M'\n  })\n  .withBody({\n    \"nome\": \"aaaaaaaaaaaaaaaaaaaaaaaaaaaaaaaaaaaaaaaaaaaaaaaaaaaaaaaaaaaaaaaaaaaaaaaaaaaaaaaaaaaaaaaaaaaaaaaaaaaaaaaaaaaaaaaaaaaaaaaaaaaaaaaaa\",\n    \"status\": true,\n    \"categoriaId\": \"1015de8d-155b-484e-befd-7d12b6116ad3\"\n  })\n  .expectResponseTime(1000)\n  .expectStatus(400)\n  .expectBodyContains(\"O nome não pode conter mais de 128 caracteres.\");\nconsole.log('Tempo de requisição:', responseTime, '|', 'Status Code:', statusCode)",
          "err": {},
          "uuid": "89d6a689-6e53-421f-833a-b5b52cb33b5d",
          "parentUUID": "94fe23fe-648c-4182-8690-37a1cf81fb81",
          "isHook": false,
          "skipped": false
        },
        {
          "title": "Teste 4 - POST (Caracteres especiais)",
          "fullTitle": "Teste 4 - POST (Caracteres especiais)",
          "timedOut": false,
          "duration": 7,
          "state": "passed",
          "speed": "fast",
          "pass": true,
          "fail": false,
          "pending": false,
          "context": null,
          "code": "let { responseTime, statusCode } = await spec()\n  .post('https://localhost:7296/Subcategoria')\n  .withHeaders({\n    'Authorization': 'Bearer eyJhbGciOiJIUzI1NiIsInR5cCI6IkpXVCJ9.eyJ1c2VybmFtZSI6ImFkbWluIiwiaWQiOiJkYjgyZGM5NS1iYjc1LTQ3YmEtODRhNi04NTQ3ZGRiN2M5NDgiLCJodHRwOi8vc2NoZW1hcy5taWNyb3NvZnQuY29tL3dzLzIwMDgvMDYvaWRlbnRpdHkvY2xhaW1zL3JvbGUiOiJhZG1pbiIsImV4cCI6MTY5NzA1MjMzMH0.n4Vfqgi82fZIKD_wKzCjnulNUHp_64K67NeSVzxBN2M'\n  })\n  .withBody({\n    \"nome\": \"L3ite\",\n    \"status\": true,\n    \"categoriaId\": \"1015de8d-155b-484e-befd-7d12b6116ad3\"\n  })\n  .expectResponseTime(1000)\n  .expectStatus(400)\n  .expectBodyContains(\"O nome não aceita caracteres especiais.\");\nconsole.log('Tempo de requisição:', responseTime, '|', 'Status Code:', statusCode)",
          "err": {},
          "uuid": "0abb6a96-e184-4e0a-a4e7-755494c452a3",
          "parentUUID": "94fe23fe-648c-4182-8690-37a1cf81fb81",
          "isHook": false,
          "skipped": false
        },
        {
          "title": "Teste 5 - POST (Cadastro da categoria com palavras usando acentos ou “ç”.)",
          "fullTitle": "Teste 5 - POST (Cadastro da categoria com palavras usando acentos ou “ç”.)",
          "timedOut": false,
          "duration": 15,
          "state": "passed",
          "speed": "fast",
          "pass": true,
          "fail": false,
          "pending": false,
          "context": null,
          "code": "let { responseTime, statusCode } = await spec()\n  .post('https://localhost:7296/Subcategoria')\n  .withHeaders({\n    'Authorization': 'Bearer eyJhbGciOiJIUzI1NiIsInR5cCI6IkpXVCJ9.eyJ1c2VybmFtZSI6ImFkbWluIiwiaWQiOiJkYjgyZGM5NS1iYjc1LTQ3YmEtODRhNi04NTQ3ZGRiN2M5NDgiLCJodHRwOi8vc2NoZW1hcy5taWNyb3NvZnQuY29tL3dzLzIwMDgvMDYvaWRlbnRpdHkvY2xhaW1zL3JvbGUiOiJhZG1pbiIsImV4cCI6MTY5NzA1MjMzMH0.n4Vfqgi82fZIKD_wKzCjnulNUHp_64K67NeSVzxBN2M'\n  })\n  .withBody({\n    \"nome\": \"Maçanetá\",\n    \"status\": true,\n    \"categoriaId\": \"1015de8d-155b-484e-befd-7d12b6116ad3\"\n  })\n  .expectResponseTime(1000)\n  .expectStatus(201)\n  .expectBodyContains(\"Maçanetá\");\nconsole.log('Tempo de requisição:', responseTime, '|', 'Status Code:', statusCode)",
          "err": {},
          "uuid": "16f3d59e-9579-4ca8-aa2e-c6684227f293",
          "parentUUID": "94fe23fe-648c-4182-8690-37a1cf81fb81",
          "isHook": false,
          "skipped": false
        },
        {
          "title": "Teste 6 - POST (Cadastro em branco)",
          "fullTitle": "Teste 6 - POST (Cadastro em branco)",
          "timedOut": false,
          "duration": 9,
          "state": "passed",
          "speed": "fast",
          "pass": true,
          "fail": false,
          "pending": false,
          "context": null,
          "code": "let { responseTime, statusCode } = await spec()\n  .post('https://localhost:7296/Subcategoria')\n  .withHeaders({\n    'Authorization': 'Bearer eyJhbGciOiJIUzI1NiIsInR5cCI6IkpXVCJ9.eyJ1c2VybmFtZSI6ImFkbWluIiwiaWQiOiJkYjgyZGM5NS1iYjc1LTQ3YmEtODRhNi04NTQ3ZGRiN2M5NDgiLCJodHRwOi8vc2NoZW1hcy5taWNyb3NvZnQuY29tL3dzLzIwMDgvMDYvaWRlbnRpdHkvY2xhaW1zL3JvbGUiOiJhZG1pbiIsImV4cCI6MTY5NzA1MjMzMH0.n4Vfqgi82fZIKD_wKzCjnulNUHp_64K67NeSVzxBN2M'\n  })\n  .withBody({\n    \"nome\": \" \",\n    \"status\": true,\n    \"categoriaId\": \"1015de8d-155b-484e-befd-7d12b6116ad3\"\n  })\n  .expectResponseTime(1000)\n  .expectStatus(400)\n  .expectBodyContains(\"O campo Nome é obrigatório.\");\nconsole.log('Tempo de requisição:', responseTime, '|', 'Status Code:', statusCode)",
          "err": {},
          "uuid": "ce28c455-9e1c-4525-99fa-529db648d11e",
          "parentUUID": "94fe23fe-648c-4182-8690-37a1cf81fb81",
          "isHook": false,
          "skipped": false
        }
      ],
      "suites": [],
      "passes": [
        "c1d71017-66b0-422d-9f3d-4d77170e181f",
        "348d8fbc-16ba-49c4-bf54-e10c9c1bad29",
        "b0561f62-2e56-4e90-8b6c-d551e81d36d8",
        "83d84808-bc99-40e7-b7d7-5ea02c935c1a",
        "842a0e76-681a-424d-a786-15de55353ae5",
        "dfc3978f-a553-4768-a039-41c69d8df7e2",
        "52b44740-a38f-4b68-a30d-a6d9d02c21bf",
        "89d6a689-6e53-421f-833a-b5b52cb33b5d",
        "0abb6a96-e184-4e0a-a4e7-755494c452a3",
        "16f3d59e-9579-4ca8-aa2e-c6684227f293",
        "ce28c455-9e1c-4525-99fa-529db648d11e"
      ],
      "failures": [
        "f56533b1-e744-4d4b-b4c4-fd3850aa56ad",
        "147e8941-ce0d-4d8f-85e2-f7631f436cd9"
      ],
      "pending": [],
      "skipped": [],
      "duration": 291,
      "root": true,
      "rootEmpty": false,
      "_timeout": 2000
    }
  ],
  "meta": {
    "mocha": {
      "version": "10.2.0"
    },
    "mochawesome": {
      "options": {
        "quiet": false,
        "reportFilename": "mochawesome",
        "saveHtml": true,
        "saveJson": true,
        "consoleReporter": "spec",
        "useInlineDiffs": false,
        "code": true
      },
      "version": "7.1.3"
    },
    "marge": {
      "options": null,
      "version": "6.2.0"
    }
  }
}